TN:
SF:src\app.js
FN:34,(anonymous_0)
FN:47,(anonymous_1)
FN:55,(anonymous_2)
FNF:3
FNH:0
FNDA:0,(anonymous_0)
FNDA:0,(anonymous_1)
FNDA:0,(anonymous_2)
DA:9,0
DA:10,0
DA:18,0
DA:19,0
DA:20,0
DA:21,0
DA:24,0
DA:26,0
DA:27,0
DA:28,0
DA:29,0
DA:30,0
DA:31,0
DA:32,0
DA:34,0
DA:47,0
DA:48,0
DA:55,0
DA:56,0
DA:57,0
DA:58,0
DA:65,0
LF:22
LH:0
BRF:0
BRH:0
end_of_record
TN:
SF:src\index.js
FN:34,(anonymous_0)
FN:39,(anonymous_1)
FN:45,(anonymous_2)
FN:50,(anonymous_3)
FNF:4
FNH:0
FNDA:0,(anonymous_0)
FNDA:0,(anonymous_1)
FNDA:0,(anonymous_2)
FNDA:0,(anonymous_3)
DA:1,0
DA:2,0
DA:3,0
DA:4,0
DA:7,0
DA:8,0
DA:9,0
DA:10,0
DA:13,0
DA:14,0
DA:15,0
DA:16,0
DA:17,0
DA:19,0
DA:20,0
DA:23,0
DA:24,0
DA:27,0
DA:28,0
DA:29,0
DA:31,0
DA:32,0
DA:34,0
DA:35,0
DA:39,0
DA:40,0
DA:41,0
DA:45,0
DA:46,0
DA:47,0
DA:48,0
DA:50,0
DA:51,0
DA:54,0
DA:58,0
LF:35
LH:0
BRDA:20,0,0,0
BRDA:20,0,1,0
BRF:2
BRH:0
end_of_record
TN:
SF:src\config\database.js
FN:58,(anonymous_0)
FN:61,(anonymous_1)
FNF:2
FNH:0
FNDA:0,(anonymous_0)
FNDA:0,(anonymous_1)
DA:4,0
DA:7,0
DA:57,0
DA:59,0
DA:62,0
LF:5
LH:0
BRDA:7,0,0,0
BRDA:7,0,1,0
BRDA:29,1,0,0
BRDA:29,1,1,0
BRDA:30,2,0,0
BRDA:30,2,1,0
BRDA:31,3,0,0
BRDA:31,3,1,0
BRDA:33,4,0,0
BRDA:33,4,1,0
BRDA:34,5,0,0
BRDA:34,5,1,0
BRDA:36,6,0,0
BRDA:36,6,1,0
BRF:14
BRH:0
end_of_record
TN:
SF:src\controllers\aiController.js
FN:14,(anonymous_0)
FN:41,(anonymous_1)
FN:62,(anonymous_2)
FN:89,(anonymous_3)
FN:123,(anonymous_4)
FN:125,(anonymous_5)
FN:164,(anonymous_6)
FNF:7
FNH:0
FNDA:0,(anonymous_0)
FNDA:0,(anonymous_1)
FNDA:0,(anonymous_2)
FNDA:0,(anonymous_3)
FNDA:0,(anonymous_4)
FNDA:0,(anonymous_5)
FNDA:0,(anonymous_6)
DA:14,0
DA:15,0
DA:16,0
DA:18,0
DA:19,0
DA:25,0
DA:27,0
DA:29,0
DA:30,0
DA:41,0
DA:42,0
DA:43,0
DA:45,0
DA:46,0
DA:48,0
DA:50,0
DA:51,0
DA:62,0
DA:63,0
DA:64,0
DA:66,0
DA:67,0
DA:73,0
DA:75,0
DA:77,0
DA:78,0
DA:89,0
DA:90,0
DA:91,0
DA:94,0
DA:99,0
DA:100,0
DA:106,0
DA:109,0
DA:123,0
DA:124,0
DA:125,0
DA:129,0
DA:137,0
DA:148,0
DA:150,0
DA:152,0
DA:153,0
DA:164,0
DA:165,0
DA:166,0
DA:167,0
DA:169,0
DA:170,0
DA:177,0
DA:193,0
DA:199,0
DA:201,0
DA:203,0
DA:204,0
LF:55
LH:0
BRDA:18,0,0,0
BRDA:18,0,1,0
BRDA:18,1,0,0
BRDA:18,1,1,0
BRDA:25,2,0,0
BRDA:25,2,1,0
BRDA:66,3,0,0
BRDA:66,3,1,0
BRDA:73,4,0,0
BRDA:73,4,1,0
BRDA:99,5,0,0
BRDA:99,5,1,0
BRDA:124,6,0,0
BRDA:124,6,1,0
BRDA:143,7,0,0
BRDA:143,7,1,0
BRDA:169,8,0,0
BRDA:169,8,1,0
BRF:18
BRH:0
end_of_record
TN:
SF:src\controllers\authController.js
FN:6,(anonymous_0)
FN:13,(anonymous_1)
FN:22,(anonymous_2)
FN:92,(anonymous_3)
FN:110,(anonymous_4)
FN:186,(anonymous_5)
FN:215,(anonymous_6)
FN:253,(anonymous_7)
FNF:8
FNH:0
FNDA:0,(anonymous_0)
FNDA:0,(anonymous_1)
FNDA:0,(anonymous_2)
FNDA:0,(anonymous_3)
FNDA:0,(anonymous_4)
FNDA:0,(anonymous_5)
FNDA:0,(anonymous_6)
FNDA:0,(anonymous_7)
DA:6,0
DA:7,0
DA:13,0
DA:14,0
DA:22,0
DA:23,0
DA:24,0
DA:27,0
DA:28,0
DA:35,0
DA:44,0
DA:45,0
DA:46,0
DA:51,0
DA:52,0
DA:60,0
DA:74,0
DA:75,0
DA:77,0
DA:88,0
DA:91,0
DA:92,0
DA:93,0
DA:99,0
DA:110,0
DA:111,0
DA:112,0
DA:115,0
DA:116,0
DA:123,0
DA:132,0
DA:133,0
DA:140,0
DA:141,0
DA:148,0
DA:150,0
DA:151,0
DA:158,0
DA:159,0
DA:161,0
DA:172,0
DA:173,0
DA:174,0
DA:186,0
DA:187,0
DA:188,0
DA:190,0
DA:191,0
DA:197,0
DA:203,0
DA:204,0
DA:215,0
DA:216,0
DA:217,0
DA:219,0
DA:220,0
DA:227,0
DA:230,0
DA:231,0
DA:233,0
DA:242,0
DA:243,0
DA:253,0
DA:254,0
DA:259,0
DA:265,0
DA:266,0
LF:67
LH:0
BRDA:8,0,0,0
BRDA:8,0,1,0
BRDA:14,1,0,0
BRDA:14,1,1,0
BRDA:15,2,0,0
BRDA:15,2,1,0
BRDA:27,3,0,0
BRDA:27,3,1,0
BRDA:27,4,0,0
BRDA:27,4,1,0
BRDA:27,4,2,0
BRDA:39,5,0,0
BRDA:39,5,1,0
BRDA:44,6,0,0
BRDA:44,6,1,0
BRDA:45,7,0,0
BRDA:45,7,1,0
BRDA:51,8,0,0
BRDA:51,8,1,0
BRDA:91,9,0,0
BRDA:91,9,1,0
BRDA:102,10,0,0
BRDA:102,10,1,0
BRDA:115,11,0,0
BRDA:115,11,1,0
BRDA:115,12,0,0
BRDA:115,12,1,0
BRDA:132,13,0,0
BRDA:132,13,1,0
BRDA:140,14,0,0
BRDA:140,14,1,0
BRDA:150,15,0,0
BRDA:150,15,1,0
BRDA:177,16,0,0
BRDA:177,16,1,0
BRDA:178,17,0,0
BRDA:178,17,1,0
BRDA:190,18,0,0
BRDA:190,18,1,0
BRDA:207,19,0,0
BRDA:207,19,1,0
BRDA:219,20,0,0
BRDA:219,20,1,0
BRDA:227,21,0,0
BRDA:227,21,1,0
BRF:45
BRH:0
end_of_record
TN:
SF:src\controllers\chatController.js
FN:13,(anonymous_0)
FN:44,(anonymous_1)
FN:68,(anonymous_2)
FN:92,(anonymous_3)
FN:124,(anonymous_4)
FNF:5
FNH:0
FNDA:0,(anonymous_0)
FNDA:0,(anonymous_1)
FNDA:0,(anonymous_2)
FNDA:0,(anonymous_3)
FNDA:0,(anonymous_4)
DA:13,0
DA:14,0
DA:15,0
DA:16,0
DA:18,0
DA:19,0
DA:25,0
DA:27,0
DA:32,0
DA:33,0
DA:44,0
DA:45,0
DA:46,0
DA:47,0
DA:49,0
DA:51,0
DA:56,0
DA:57,0
DA:68,0
DA:69,0
DA:70,0
DA:71,0
DA:73,0
DA:75,0
DA:80,0
DA:81,0
DA:92,0
DA:93,0
DA:94,0
DA:95,0
DA:96,0
DA:98,0
DA:99,0
DA:105,0
DA:107,0
DA:112,0
DA:113,0
DA:124,0
DA:125,0
DA:126,0
DA:128,0
DA:133,0
DA:134,0
LF:43
LH:0
BRDA:18,0,0,0
BRDA:18,0,1,0
BRDA:35,1,0,0
BRDA:35,1,1,0
BRDA:59,2,0,0
BRDA:59,2,1,0
BRDA:83,3,0,0
BRDA:83,3,1,0
BRDA:98,4,0,0
BRDA:98,4,1,0
BRDA:98,5,0,0
BRDA:98,5,1,0
BRDA:115,6,0,0
BRDA:115,6,1,0
BRDA:136,7,0,0
BRDA:136,7,1,0
BRF:16
BRH:0
end_of_record
TN:
SF:src\controllers\fieldController.js
FN:6,(anonymous_0)
FN:26,(anonymous_1)
FN:51,(anonymous_2)
FN:94,(anonymous_3)
FN:115,(anonymous_4)
FN:179,(anonymous_5)
FN:209,(anonymous_6)
FN:252,(anonymous_7)
FN:274,(anonymous_8)
FN:296,(anonymous_9)
FNF:10
FNH:0
FNDA:0,(anonymous_0)
FNDA:0,(anonymous_1)
FNDA:0,(anonymous_2)
FNDA:0,(anonymous_3)
FNDA:0,(anonymous_4)
FNDA:0,(anonymous_5)
FNDA:0,(anonymous_6)
FNDA:0,(anonymous_7)
FNDA:0,(anonymous_8)
FNDA:0,(anonymous_9)
DA:6,0
DA:7,0
DA:8,0
DA:9,0
DA:11,0
DA:12,0
DA:13,0
DA:19,0
DA:26,0
DA:43,0
DA:45,0
DA:46,0
DA:51,0
DA:52,0
DA:53,0
DA:54,0
DA:55,0
DA:57,0
DA:58,0
DA:59,0
DA:60,0
DA:61,0
DA:62,0
DA:63,0
DA:64,0
DA:65,0
DA:66,0
DA:67,0
DA:75,0
DA:86,0
DA:88,0
DA:89,0
DA:94,0
DA:95,0
DA:97,0
DA:99,0
DA:100,0
DA:102,0
DA:103,0
DA:105,0
DA:106,0
DA:108,0
DA:109,0
DA:112,0
DA:113,0
DA:115,0
DA:116,0
DA:117,0
DA:120,0
DA:121,0
DA:123,0
DA:128,0
DA:129,0
DA:136,0
DA:141,0
DA:142,0
DA:148,0
DA:162,0
DA:165,0
DA:167,0
DA:169,0
DA:170,0
DA:179,0
DA:180,0
DA:181,0
DA:184,0
DA:196,0
DA:197,0
DA:198,0
DA:201,0
DA:203,0
DA:204,0
DA:209,0
DA:210,0
DA:211,0
DA:212,0
DA:215,0
DA:216,0
DA:218,0
DA:219,0
DA:220,0
DA:223,0
DA:224,0
DA:225,0
DA:228,0
DA:229,0
DA:232,0
DA:234,0
DA:239,0
DA:244,0
DA:246,0
DA:247,0
DA:252,0
DA:253,0
DA:254,0
DA:266,0
DA:268,0
DA:269,0
DA:274,0
DA:275,0
DA:276,0
DA:278,0
DA:283,0
DA:288,0
DA:290,0
DA:291,0
DA:296,0
DA:297,0
DA:298,0
DA:299,0
DA:301,0
DA:303,0
DA:308,0
DA:313,0
DA:315,0
DA:316,0
LF:116
LH:0
BRDA:8,0,0,0
BRDA:8,1,0,0
BRDA:12,2,0,0
BRDA:12,2,1,0
BRDA:29,3,0,0
BRDA:29,3,1,0
BRDA:55,4,0,0
BRDA:55,4,1,0
BRDA:99,5,0,0
BRDA:99,5,1,0
BRDA:102,6,0,0
BRDA:102,6,1,0
BRDA:105,7,0,0
BRDA:105,7,1,0
BRDA:108,8,0,0
BRDA:108,8,1,0
BRDA:112,9,0,0
BRDA:112,9,1,0
BRDA:113,10,0,0
BRDA:113,10,1,0
BRDA:128,11,0,0
BRDA:128,11,1,0
BRDA:128,12,0,0
BRDA:128,12,1,0
BRDA:141,13,0,0
BRDA:141,13,1,0
BRDA:141,14,0,0
BRDA:141,14,1,0
BRDA:165,15,0,0
BRDA:165,15,1,0
BRDA:173,16,0,0
BRDA:173,16,1,0
BRDA:197,17,0,0
BRDA:197,17,1,0
BRDA:218,18,0,0
BRDA:218,18,1,0
BRDA:223,19,0,0
BRDA:223,19,1,0
BRDA:228,20,0,0
BRDA:228,20,1,0
BRDA:266,21,0,0
BRDA:266,21,1,0
BRDA:301,22,0,0
BRDA:301,22,1,0
BRF:44
BRH:0
end_of_record
TN:
SF:src\controllers\passwordResetController.js
FN:7,(anonymous_0)
FN:14,(anonymous_1)
FN:85,(anonymous_2)
FN:137,(anonymous_3)
FN:211,(anonymous_4)
FNF:5
FNH:0
FNDA:0,(anonymous_0)
FNDA:0,(anonymous_1)
FNDA:0,(anonymous_2)
FNDA:0,(anonymous_3)
FNDA:0,(anonymous_4)
DA:7,0
DA:8,0
DA:14,0
DA:15,0
DA:16,0
DA:19,0
DA:20,0
DA:27,0
DA:29,0
DA:31,0
DA:38,0
DA:39,0
DA:46,0
DA:52,0
DA:53,0
DA:56,0
DA:64,0
DA:66,0
DA:76,0
DA:77,0
DA:85,0
DA:86,0
DA:87,0
DA:90,0
DA:91,0
DA:98,0
DA:110,0
DA:111,0
DA:118,0
DA:128,0
DA:129,0
DA:137,0
DA:138,0
DA:139,0
DA:142,0
DA:143,0
DA:149,0
DA:150,0
DA:157,0
DA:169,0
DA:170,0
DA:177,0
DA:179,0
DA:180,0
DA:187,0
DA:188,0
DA:191,0
DA:192,0
DA:194,0
DA:196,0
DA:202,0
DA:203,0
DA:211,0
DA:212,0
DA:213,0
DA:215,0
DA:216,0
DA:223,0
DA:225,0
DA:226,0
DA:233,0
DA:243,0
DA:244,0
DA:251,0
DA:257,0
DA:258,0
DA:260,0
DA:268,0
DA:270,0
DA:279,0
DA:280,0
LF:71
LH:0
BRDA:19,0,0,0
BRDA:19,0,1,0
BRDA:29,1,0,0
BRDA:29,1,1,0
BRDA:38,2,0,0
BRDA:38,2,1,0
BRDA:80,3,0,0
BRDA:80,3,1,0
BRDA:90,4,0,0
BRDA:90,4,1,0
BRDA:90,5,0,0
BRDA:90,5,1,0
BRDA:110,6,0,0
BRDA:110,6,1,0
BRDA:132,7,0,0
BRDA:132,7,1,0
BRDA:142,8,0,0
BRDA:142,8,1,0
BRDA:142,9,0,0
BRDA:142,9,1,0
BRDA:142,9,2,0
BRDA:149,10,0,0
BRDA:149,10,1,0
BRDA:169,11,0,0
BRDA:169,11,1,0
BRDA:179,12,0,0
BRDA:179,12,1,0
BRDA:206,13,0,0
BRDA:206,13,1,0
BRDA:215,14,0,0
BRDA:215,14,1,0
BRDA:225,15,0,0
BRDA:225,15,1,0
BRDA:243,16,0,0
BRDA:243,16,1,0
BRDA:283,17,0,0
BRDA:283,17,1,0
BRF:37
BRH:0
end_of_record
TN:
SF:src\controllers\reviewController.js
FN:9,(anonymous_0)
FN:16,(anonymous_1)
FN:32,(anonymous_2)
FN:59,(anonymous_3)
FN:75,(anonymous_4)
FN:160,(anonymous_5)
FNF:6
FNH:0
FNDA:0,(anonymous_0)
FNDA:0,(anonymous_1)
FNDA:0,(anonymous_2)
FNDA:0,(anonymous_3)
FNDA:0,(anonymous_4)
FNDA:0,(anonymous_5)
DA:5,0
DA:6,0
DA:9,0
DA:10,0
DA:11,0
DA:12,0
DA:16,0
DA:18,0
DA:23,0
DA:24,0
DA:32,0
DA:33,0
DA:34,0
DA:36,0
DA:37,0
DA:41,0
DA:59,0
DA:64,0
DA:66,0
DA:67,0
DA:75,0
DA:76,0
DA:77,0
DA:80,0
DA:81,0
DA:86,0
DA:87,0
DA:91,0
DA:96,0
DA:97,0
DA:101,0
DA:106,0
DA:107,0
DA:111,0
DA:113,0
DA:120,0
DA:123,0
DA:140,0
DA:142,0
DA:150,0
DA:151,0
DA:160,0
DA:161,0
DA:162,0
DA:164,0
DA:178,0
DA:188,0
DA:189,0
LF:48
LH:0
BRDA:11,0,0,0
BRDA:11,0,1,0
BRDA:11,1,0,0
BRDA:11,1,1,0
BRDA:36,2,0,0
BRDA:36,2,1,0
BRDA:61,3,0,0
BRDA:61,3,1,0
BRDA:80,4,0,0
BRDA:80,4,1,0
BRDA:80,5,0,0
BRDA:80,5,1,0
BRDA:80,5,2,0
BRDA:80,5,3,0
BRDA:86,6,0,0
BRDA:86,6,1,0
BRDA:86,7,0,0
BRDA:86,7,1,0
BRDA:96,8,0,0
BRDA:96,8,1,0
BRDA:96,9,0,0
BRDA:96,9,1,0
BRDA:106,10,0,0
BRDA:106,10,1,0
BRDA:106,11,0,0
BRDA:106,11,1,0
BRDA:111,12,0,0
BRDA:111,12,1,0
BRDA:111,13,0,0
BRDA:111,13,1,0
BRDA:140,14,0,0
BRDA:140,14,1,0
BRDA:144,15,0,0
BRDA:144,15,1,0
BRDA:146,16,0,0
BRDA:146,16,1,0
BRDA:154,17,0,0
BRDA:154,17,1,0
BRDA:178,18,0,0
BRDA:178,18,1,0
BRF:40
BRH:0
end_of_record
TN:
SF:src\controllers\admin\adminController.js
FN:3,(anonymous_0)
FNF:1
FNH:0
FNDA:0,(anonymous_0)
DA:3,0
LF:1
LH:0
BRF:0
BRH:0
end_of_record
TN:
SF:src\controllers\admin\bookingManagementController.js
FN:13,(anonymous_0)
FN:38,(anonymous_1)
FN:67,(anonymous_2)
FN:99,(anonymous_3)
FN:131,(anonymous_4)
FN:152,(anonymous_5)
FNF:6
FNH:0
FNDA:0,(anonymous_0)
FNDA:0,(anonymous_1)
FNDA:0,(anonymous_2)
FNDA:0,(anonymous_3)
FNDA:0,(anonymous_4)
FNDA:0,(anonymous_5)
DA:13,0
DA:14,0
DA:15,0
DA:16,0
DA:21,0
DA:26,0
DA:27,0
DA:38,0
DA:39,0
DA:40,0
DA:41,0
DA:43,0
DA:44,0
DA:50,0
DA:55,0
DA:56,0
DA:67,0
DA:68,0
DA:69,0
DA:70,0
DA:72,0
DA:73,0
DA:79,0
DA:81,0
DA:87,0
DA:88,0
DA:99,0
DA:100,0
DA:101,0
DA:102,0
DA:104,0
DA:105,0
DA:111,0
DA:113,0
DA:119,0
DA:120,0
DA:131,0
DA:132,0
DA:133,0
DA:135,0
DA:140,0
DA:141,0
DA:152,0
DA:153,0
DA:154,0
DA:156,0
DA:157,0
DA:163,0
DA:165,0
DA:170,0
DA:171,0
LF:51
LH:0
BRDA:43,0,0,0
BRDA:43,0,1,0
BRDA:72,1,0,0
BRDA:72,1,1,0
BRDA:104,2,0,0
BRDA:104,2,1,0
BRDA:156,3,0,0
BRDA:156,3,1,0
BRDA:156,4,0,0
BRDA:156,4,1,0
BRF:10
BRH:0
end_of_record
TN:
SF:src\controllers\admin\dashboardController.js
FN:11,(anonymous_0)
FN:32,(anonymous_1)
FN:62,(anonymous_2)
FN:86,(anonymous_3)
FNF:4
FNH:0
FNDA:0,(anonymous_0)
FNDA:0,(anonymous_1)
FNDA:0,(anonymous_2)
FNDA:0,(anonymous_3)
DA:11,0
DA:12,0
DA:13,0
DA:15,0
DA:20,0
DA:21,0
DA:32,0
DA:33,0
DA:34,0
DA:36,0
DA:37,0
DA:43,0
DA:45,0
DA:50,0
DA:51,0
DA:62,0
DA:63,0
DA:64,0
DA:65,0
DA:67,0
DA:69,0
DA:74,0
DA:75,0
DA:86,0
DA:87,0
DA:88,0
DA:89,0
DA:91,0
DA:93,0
DA:98,0
DA:99,0
LF:31
LH:0
BRDA:36,0,0,0
BRDA:36,0,1,0
BRDA:36,1,0,0
BRDA:36,1,1,0
BRDA:89,2,0,0
BRDA:89,2,1,0
BRF:6
BRH:0
end_of_record
TN:
SF:src\controllers\admin\employeeManagementController.js
FN:14,(anonymous_0)
FN:39,(anonymous_1)
FN:68,(anonymous_2)
FN:91,(anonymous_3)
FN:115,(anonymous_4)
FN:137,(anonymous_5)
FN:168,(anonymous_6)
FNF:7
FNH:0
FNDA:0,(anonymous_0)
FNDA:0,(anonymous_1)
FNDA:0,(anonymous_2)
FNDA:0,(anonymous_3)
FNDA:0,(anonymous_4)
FNDA:0,(anonymous_5)
FNDA:0,(anonymous_6)
DA:14,0
DA:15,0
DA:16,0
DA:17,0
DA:22,0
DA:27,0
DA:28,0
DA:39,0
DA:40,0
DA:41,0
DA:42,0
DA:44,0
DA:45,0
DA:51,0
DA:56,0
DA:57,0
DA:68,0
DA:69,0
DA:70,0
DA:71,0
DA:73,0
DA:79,0
DA:80,0
DA:91,0
DA:92,0
DA:93,0
DA:94,0
DA:95,0
DA:97,0
DA:103,0
DA:104,0
DA:115,0
DA:116,0
DA:117,0
DA:118,0
DA:120,0
DA:125,0
DA:126,0
DA:137,0
DA:138,0
DA:139,0
DA:141,0
DA:142,0
DA:148,0
DA:150,0
DA:156,0
DA:157,0
DA:168,0
DA:169,0
DA:170,0
DA:172,0
DA:177,0
DA:178,0
LF:53
LH:0
BRDA:44,0,0,0
BRDA:44,0,1,0
BRDA:141,1,0,0
BRDA:141,1,1,0
BRDA:141,2,0,0
BRDA:141,2,1,0
BRF:6
BRH:0
end_of_record
TN:
SF:src\controllers\admin\fieldManagementController.js
FN:16,(anonymous_0)
FN:41,(anonymous_1)
FN:70,(anonymous_2)
FN:93,(anonymous_3)
FN:117,(anonymous_4)
FN:139,(anonymous_5)
FN:162,(anonymous_6)
FN:183,(anonymous_7)
FN:215,(anonymous_8)
FNF:9
FNH:0
FNDA:0,(anonymous_0)
FNDA:0,(anonymous_1)
FNDA:0,(anonymous_2)
FNDA:0,(anonymous_3)
FNDA:0,(anonymous_4)
FNDA:0,(anonymous_5)
FNDA:0,(anonymous_6)
FNDA:0,(anonymous_7)
FNDA:0,(anonymous_8)
DA:16,0
DA:17,0
DA:18,0
DA:19,0
DA:24,0
DA:29,0
DA:30,0
DA:41,0
DA:42,0
DA:43,0
DA:44,0
DA:46,0
DA:47,0
DA:53,0
DA:58,0
DA:59,0
DA:70,0
DA:71,0
DA:72,0
DA:73,0
DA:75,0
DA:81,0
DA:82,0
DA:93,0
DA:94,0
DA:95,0
DA:96,0
DA:97,0
DA:99,0
DA:105,0
DA:106,0
DA:117,0
DA:118,0
DA:119,0
DA:120,0
DA:122,0
DA:127,0
DA:128,0
DA:139,0
DA:140,0
DA:141,0
DA:142,0
DA:144,0
DA:150,0
DA:151,0
DA:162,0
DA:163,0
DA:164,0
DA:166,0
DA:171,0
DA:172,0
DA:183,0
DA:184,0
DA:185,0
DA:186,0
DA:188,0
DA:189,0
DA:195,0
DA:197,0
DA:203,0
DA:204,0
DA:215,0
DA:216,0
DA:217,0
DA:218,0
DA:220,0
DA:225,0
DA:226,0
LF:68
LH:0
BRDA:46,0,0,0
BRDA:46,0,1,0
BRDA:188,1,0,0
BRDA:188,1,1,0
BRDA:188,2,0,0
BRDA:188,2,1,0
BRDA:188,2,2,0
BRF:7
BRH:0
end_of_record
TN:
SF:src\controllers\admin\userManagementController.js
FN:14,(anonymous_0)
FN:39,(anonymous_1)
FN:68,(anonymous_2)
FN:91,(anonymous_3)
FN:115,(anonymous_4)
FN:137,(anonymous_5)
FN:160,(anonymous_6)
FNF:7
FNH:0
FNDA:0,(anonymous_0)
FNDA:0,(anonymous_1)
FNDA:0,(anonymous_2)
FNDA:0,(anonymous_3)
FNDA:0,(anonymous_4)
FNDA:0,(anonymous_5)
FNDA:0,(anonymous_6)
DA:14,0
DA:15,0
DA:16,0
DA:17,0
DA:22,0
DA:27,0
DA:28,0
DA:39,0
DA:40,0
DA:41,0
DA:42,0
DA:44,0
DA:45,0
DA:51,0
DA:56,0
DA:57,0
DA:68,0
DA:69,0
DA:70,0
DA:71,0
DA:73,0
DA:79,0
DA:80,0
DA:91,0
DA:92,0
DA:93,0
DA:94,0
DA:95,0
DA:97,0
DA:103,0
DA:104,0
DA:115,0
DA:116,0
DA:117,0
DA:118,0
DA:120,0
DA:125,0
DA:126,0
DA:137,0
DA:138,0
DA:139,0
DA:140,0
DA:142,0
DA:148,0
DA:149,0
DA:160,0
DA:161,0
DA:162,0
DA:164,0
DA:169,0
DA:170,0
LF:51
LH:0
BRDA:44,0,0,0
BRDA:44,0,1,0
BRF:2
BRH:0
end_of_record
TN:
SF:src\controllers\manager\bookingController.js
FN:11,(anonymous_0)
FN:34,(anonymous_1)
FN:56,(anonymous_2)
FN:74,(anonymous_3)
FN:94,(anonymous_4)
FN:112,(anonymous_5)
FNF:6
FNH:0
FNDA:0,(anonymous_0)
FNDA:0,(anonymous_1)
FNDA:0,(anonymous_2)
FNDA:0,(anonymous_3)
FNDA:0,(anonymous_4)
FNDA:0,(anonymous_5)
DA:11,0
DA:12,0
DA:13,0
DA:14,0
DA:16,0
DA:23,0
DA:25,0
DA:26,0
DA:34,0
DA:35,0
DA:36,0
DA:37,0
DA:39,0
DA:41,0
DA:42,0
DA:45,0
DA:47,0
DA:48,0
DA:56,0
DA:57,0
DA:58,0
DA:59,0
DA:61,0
DA:63,0
DA:65,0
DA:66,0
DA:74,0
DA:75,0
DA:76,0
DA:77,0
DA:78,0
DA:80,0
DA:81,0
DA:83,0
DA:85,0
DA:86,0
DA:94,0
DA:95,0
DA:96,0
DA:97,0
DA:99,0
DA:101,0
DA:103,0
DA:104,0
DA:112,0
DA:113,0
DA:114,0
DA:115,0
DA:116,0
DA:118,0
DA:119,0
DA:121,0
DA:123,0
DA:124,0
LF:54
LH:0
BRDA:41,0,0,0
BRDA:41,0,1,0
BRDA:80,1,0,0
BRDA:80,1,1,0
BRDA:118,2,0,0
BRDA:118,2,1,0
BRF:6
BRH:0
end_of_record
TN:
SF:src\controllers\manager\dashboardController.js
FN:11,(anonymous_0)
FN:31,(anonymous_1)
FN:58,(anonymous_2)
FNF:3
FNH:0
FNDA:0,(anonymous_0)
FNDA:0,(anonymous_1)
FNDA:0,(anonymous_2)
DA:11,0
DA:12,0
DA:13,0
DA:15,0
DA:17,0
DA:19,0
DA:20,0
DA:31,0
DA:32,0
DA:33,0
DA:34,0
DA:36,0
DA:37,0
DA:42,0
DA:44,0
DA:46,0
DA:47,0
DA:58,0
DA:59,0
DA:60,0
DA:61,0
DA:63,0
DA:65,0
DA:67,0
DA:68,0
LF:25
LH:0
BRDA:36,0,0,0
BRDA:36,0,1,0
BRDA:36,1,0,0
BRDA:36,1,1,0
BRDA:61,2,0,0
BRDA:61,2,1,0
BRF:6
BRH:0
end_of_record
TN:
SF:src\controllers\manager\fieldController.js
FN:15,(anonymous_0)
FN:47,(anonymous_1)
FN:79,(anonymous_2)
FN:103,(anonymous_3)
FN:126,(anonymous_4)
FN:157,(anonymous_5)
FN:189,(anonymous_6)
FNF:7
FNH:0
FNDA:0,(anonymous_0)
FNDA:0,(anonymous_1)
FNDA:0,(anonymous_2)
FNDA:0,(anonymous_3)
FNDA:0,(anonymous_4)
FNDA:0,(anonymous_5)
FNDA:0,(anonymous_6)
DA:15,0
DA:16,0
DA:17,0
DA:18,0
DA:20,0
DA:21,0
DA:27,0
DA:29,0
DA:35,0
DA:36,0
DA:47,0
DA:48,0
DA:49,0
DA:50,0
DA:51,0
DA:53,0
DA:54,0
DA:60,0
DA:62,0
DA:67,0
DA:68,0
DA:79,0
DA:80,0
DA:81,0
DA:82,0
DA:84,0
DA:86,0
DA:91,0
DA:92,0
DA:103,0
DA:104,0
DA:105,0
DA:107,0
DA:109,0
DA:114,0
DA:115,0
DA:126,0
DA:127,0
DA:128,0
DA:129,0
DA:131,0
DA:133,0
DA:134,0
DA:140,0
DA:145,0
DA:146,0
DA:157,0
DA:158,0
DA:159,0
DA:160,0
DA:161,0
DA:163,0
DA:164,0
DA:170,0
DA:172,0
DA:177,0
DA:178,0
DA:189,0
DA:190,0
DA:191,0
DA:192,0
DA:194,0
DA:196,0
DA:201,0
DA:202,0
LF:65
LH:0
BRDA:20,0,0,0
BRDA:20,0,1,0
BRDA:20,1,0,0
BRDA:20,1,1,0
BRDA:38,2,0,0
BRDA:38,2,1,0
BRDA:53,3,0,0
BRDA:53,3,1,0
BRDA:53,4,0,0
BRDA:53,4,1,0
BRDA:70,5,0,0
BRDA:70,5,1,0
BRDA:94,6,0,0
BRDA:94,6,1,0
BRDA:133,7,0,0
BRDA:133,7,1,0
BRDA:163,8,0,0
BRDA:163,8,1,0
BRDA:180,9,0,0
BRDA:180,9,1,0
BRDA:204,10,0,0
BRDA:204,10,1,0
BRF:22
BRH:0
end_of_record
TN:
SF:src\controllers\manager\paymentController.js
FN:1,(anonymous_0)
FNF:1
FNH:0
FNDA:0,(anonymous_0)
DA:1,0
DA:2,0
LF:2
LH:0
BRF:0
BRH:0
end_of_record
TN:
SF:src\controllers\user\authController.js
FN:5,(anonymous_0)
FN:16,(anonymous_1)
FN:29,(anonymous_2)
FN:99,(anonymous_3)
FN:117,(anonymous_4)
FN:191,(anonymous_5)
FN:220,(anonymous_6)
FN:267,(anonymous_7)
FNF:8
FNH:0
FNDA:0,(anonymous_0)
FNDA:0,(anonymous_1)
FNDA:0,(anonymous_2)
FNDA:0,(anonymous_3)
FNDA:0,(anonymous_4)
FNDA:0,(anonymous_5)
FNDA:0,(anonymous_6)
FNDA:0,(anonymous_7)
DA:5,0
DA:6,0
DA:16,0
DA:17,0
DA:29,0
DA:30,0
DA:31,0
DA:34,0
DA:35,0
DA:42,0
DA:51,0
DA:52,0
DA:53,0
DA:58,0
DA:59,0
DA:67,0
DA:81,0
DA:82,0
DA:84,0
DA:95,0
DA:98,0
DA:99,0
DA:100,0
DA:106,0
DA:117,0
DA:118,0
DA:119,0
DA:122,0
DA:123,0
DA:130,0
DA:139,0
DA:140,0
DA:147,0
DA:148,0
DA:155,0
DA:157,0
DA:158,0
DA:165,0
DA:166,0
DA:168,0
DA:179,0
DA:180,0
DA:191,0
DA:192,0
DA:193,0
DA:195,0
DA:196,0
DA:202,0
DA:208,0
DA:209,0
DA:220,0
DA:221,0
DA:222,0
DA:224,0
DA:225,0
DA:232,0
DA:235,0
DA:236,0
DA:237,0
DA:244,0
DA:245,0
DA:247,0
DA:256,0
DA:257,0
DA:267,0
DA:268,0
DA:273,0
DA:279,0
DA:280,0
LF:69
LH:0
BRDA:11,0,0,0
BRDA:11,0,1,0
BRDA:21,1,0,0
BRDA:21,1,1,0
BRDA:22,2,0,0
BRDA:22,2,1,0
BRDA:34,3,0,0
BRDA:34,3,1,0
BRDA:34,4,0,0
BRDA:34,4,1,0
BRDA:34,4,2,0
BRDA:46,5,0,0
BRDA:46,5,1,0
BRDA:51,6,0,0
BRDA:51,6,1,0
BRDA:52,7,0,0
BRDA:52,7,1,0
BRDA:58,8,0,0
BRDA:58,8,1,0
BRDA:98,9,0,0
BRDA:98,9,1,0
BRDA:109,10,0,0
BRDA:109,10,1,0
BRDA:122,11,0,0
BRDA:122,11,1,0
BRDA:122,12,0,0
BRDA:122,12,1,0
BRDA:139,13,0,0
BRDA:139,13,1,0
BRDA:147,14,0,0
BRDA:147,14,1,0
BRDA:157,15,0,0
BRDA:157,15,1,0
BRDA:183,16,0,0
BRDA:183,16,1,0
BRDA:195,17,0,0
BRDA:195,17,1,0
BRDA:212,18,0,0
BRDA:212,18,1,0
BRDA:224,19,0,0
BRDA:224,19,1,0
BRDA:232,20,0,0
BRDA:232,20,1,0
BRDA:236,21,0,0
BRDA:236,21,1,0
BRF:45
BRH:0
end_of_record
TN:
SF:src\controllers\user\bookingController.js
FN:3,(anonymous_0)
FN:41,(anonymous_1)
FN:58,(anonymous_2)
FN:79,(anonymous_3)
FNF:4
FNH:0
FNDA:0,(anonymous_0)
FNDA:0,(anonymous_1)
FNDA:0,(anonymous_2)
FNDA:0,(anonymous_3)
DA:3,0
DA:4,0
DA:5,0
DA:7,0
DA:8,0
DA:9,0
DA:12,0
DA:34,0
DA:36,0
DA:37,0
DA:41,0
DA:42,0
DA:43,0
DA:45,0
DA:51,0
DA:53,0
DA:54,0
DA:58,0
DA:59,0
DA:60,0
DA:61,0
DA:63,0
DA:65,0
DA:72,0
DA:74,0
DA:75,0
DA:79,0
DA:80,0
LF:28
LH:0
BRDA:8,0,0,0
BRDA:8,0,1,0
BRDA:8,1,0,0
BRDA:8,1,1,0
BRDA:30,2,0,0
BRDA:30,2,1,0
BRDA:30,3,0,0
BRDA:30,3,1,0
BRDA:63,4,0,0
BRDA:63,4,1,0
BRF:10
BRH:0
end_of_record
TN:
SF:src\controllers\user\fieldController.js
FN:7,(anonymous_0)
FN:27,(anonymous_1)
FN:53,(anonymous_2)
FN:68,(anonymous_3)
FN:87,(anonymous_4)
FN:88,(anonymous_5)
FN:120,(anonymous_6)
FN:151,(anonymous_7)
FN:225,(anonymous_8)
FN:256,(anonymous_9)
FN:284,(anonymous_10)
FN:314,(anonymous_11)
FN:357,(anonymous_12)
FN:379,(anonymous_13)
FN:401,(anonymous_14)
FNF:15
FNH:0
FNDA:0,(anonymous_0)
FNDA:0,(anonymous_1)
FNDA:0,(anonymous_2)
FNDA:0,(anonymous_3)
FNDA:0,(anonymous_4)
FNDA:0,(anonymous_5)
FNDA:0,(anonymous_6)
FNDA:0,(anonymous_7)
FNDA:0,(anonymous_8)
FNDA:0,(anonymous_9)
FNDA:0,(anonymous_10)
FNDA:0,(anonymous_11)
FNDA:0,(anonymous_12)
FNDA:0,(anonymous_13)
FNDA:0,(anonymous_14)
DA:7,0
DA:8,0
DA:9,0
DA:10,0
DA:12,0
DA:13,0
DA:14,0
DA:20,0
DA:27,0
DA:45,0
DA:47,0
DA:48,0
DA:53,0
DA:54,0
DA:55,0
DA:56,0
DA:58,0
DA:59,0
DA:62,0
DA:63,0
DA:65,0
DA:67,0
DA:68,0
DA:77,0
DA:78,0
DA:79,0
DA:80,0
DA:81,0
DA:84,0
DA:87,0
DA:88,0
DA:95,0
DA:99,0
DA:112,0
DA:114,0
DA:115,0
DA:120,0
DA:121,0
DA:123,0
DA:124,0
DA:126,0
DA:127,0
DA:129,0
DA:130,0
DA:132,0
DA:133,0
DA:135,0
DA:136,0
DA:139,0
DA:141,0
DA:142,0
DA:143,0
DA:144,0
DA:145,0
DA:148,0
DA:151,0
DA:152,0
DA:154,0
DA:155,0
DA:156,0
DA:157,0
DA:158,0
DA:159,0
DA:160,0
DA:161,0
DA:164,0
DA:165,0
DA:167,0
DA:172,0
DA:173,0
DA:179,0
DA:184,0
DA:185,0
DA:192,0
DA:194,0
DA:195,0
DA:201,0
DA:208,0
DA:210,0
DA:212,0
DA:213,0
DA:214,0
DA:215,0
DA:225,0
DA:226,0
DA:227,0
DA:228,0
DA:230,0
DA:231,0
DA:234,0
DA:235,0
DA:239,0
DA:248,0
DA:250,0
DA:251,0
DA:256,0
DA:257,0
DA:258,0
DA:260,0
DA:261,0
DA:264,0
DA:276,0
DA:278,0
DA:279,0
DA:284,0
DA:285,0
DA:286,0
DA:289,0
DA:301,0
DA:302,0
DA:303,0
DA:306,0
DA:308,0
DA:309,0
DA:314,0
DA:315,0
DA:316,0
DA:317,0
DA:320,0
DA:321,0
DA:323,0
DA:324,0
DA:325,0
DA:328,0
DA:329,0
DA:330,0
DA:333,0
DA:334,0
DA:337,0
DA:339,0
DA:344,0
DA:349,0
DA:351,0
DA:352,0
DA:357,0
DA:358,0
DA:359,0
DA:371,0
DA:373,0
DA:374,0
DA:379,0
DA:380,0
DA:381,0
DA:383,0
DA:388,0
DA:393,0
DA:395,0
DA:396,0
DA:401,0
DA:402,0
DA:403,0
DA:404,0
DA:406,0
DA:408,0
DA:413,0
DA:418,0
DA:420,0
DA:421,0
LF:158
LH:0
BRDA:9,0,0,0
BRDA:9,1,0,0
BRDA:13,2,0,0
BRDA:13,2,1,0
BRDA:30,3,0,0
BRDA:30,3,1,0
BRDA:34,4,0,0
BRDA:34,4,1,0
BRDA:59,5,0,0
BRDA:59,5,1,0
BRDA:65,6,0,0
BRDA:65,6,1,0
BRDA:107,7,0,0
BRDA:107,7,1,0
BRDA:126,8,0,0
BRDA:126,8,1,0
BRDA:129,9,0,0
BRDA:129,9,1,0
BRDA:132,10,0,0
BRDA:132,10,1,0
BRDA:135,11,0,0
BRDA:135,11,1,0
BRDA:139,12,0,0
BRDA:139,12,1,0
BRDA:142,13,0,0
BRDA:142,13,1,0
BRDA:142,14,0,0
BRDA:142,14,1,0
BRDA:143,15,0,0
BRDA:143,15,1,0
BRDA:143,16,0,0
BRDA:143,16,1,0
BRDA:144,17,0,0
BRDA:144,17,1,0
BRDA:148,18,0,0
BRDA:148,18,1,0
BRDA:172,19,0,0
BRDA:172,19,1,0
BRDA:172,20,0,0
BRDA:172,20,1,0
BRDA:184,21,0,0
BRDA:184,21,1,0
BRDA:184,22,0,0
BRDA:184,22,1,0
BRDA:194,23,0,0
BRDA:194,23,1,0
BRDA:196,24,0,0
BRDA:196,24,1,0
BRDA:208,25,0,0
BRDA:208,25,1,0
BRDA:218,26,0,0
BRDA:218,26,1,0
BRDA:230,27,0,0
BRDA:230,27,1,0
BRDA:234,28,0,0
BRDA:234,28,1,0
BRDA:260,29,0,0
BRDA:260,29,1,0
BRDA:302,30,0,0
BRDA:302,30,1,0
BRDA:323,31,0,0
BRDA:323,31,1,0
BRDA:328,32,0,0
BRDA:328,32,1,0
BRDA:333,33,0,0
BRDA:333,33,1,0
BRDA:371,34,0,0
BRDA:371,34,1,0
BRDA:406,35,0,0
BRDA:406,35,1,0
BRF:70
BRH:0
end_of_record
TN:
SF:src\controllers\user\passwordResetController.js
FN:7,(anonymous_0)
FN:14,(anonymous_1)
FN:89,(anonymous_2)
FN:144,(anonymous_3)
FN:222,(anonymous_4)
FNF:5
FNH:0
FNDA:0,(anonymous_0)
FNDA:0,(anonymous_1)
FNDA:0,(anonymous_2)
FNDA:0,(anonymous_3)
FNDA:0,(anonymous_4)
DA:7,0
DA:8,0
DA:14,0
DA:15,0
DA:16,0
DA:19,0
DA:20,0
DA:27,0
DA:29,0
DA:31,0
DA:38,0
DA:39,0
DA:46,0
DA:52,0
DA:53,0
DA:56,0
DA:65,0
DA:67,0
DA:77,0
DA:78,0
DA:89,0
DA:90,0
DA:91,0
DA:94,0
DA:95,0
DA:102,0
DA:114,0
DA:115,0
DA:122,0
DA:132,0
DA:133,0
DA:144,0
DA:145,0
DA:146,0
DA:149,0
DA:150,0
DA:156,0
DA:157,0
DA:164,0
DA:176,0
DA:177,0
DA:184,0
DA:186,0
DA:187,0
DA:194,0
DA:195,0
DA:198,0
DA:199,0
DA:202,0
DA:204,0
DA:210,0
DA:211,0
DA:222,0
DA:223,0
DA:224,0
DA:226,0
DA:227,0
DA:234,0
DA:236,0
DA:237,0
DA:244,0
DA:254,0
DA:255,0
DA:262,0
DA:268,0
DA:269,0
DA:271,0
DA:279,0
DA:281,0
DA:290,0
DA:291,0
LF:71
LH:0
BRDA:19,0,0,0
BRDA:19,0,1,0
BRDA:29,1,0,0
BRDA:29,1,1,0
BRDA:38,2,0,0
BRDA:38,2,1,0
BRDA:81,3,0,0
BRDA:81,3,1,0
BRDA:94,4,0,0
BRDA:94,4,1,0
BRDA:94,5,0,0
BRDA:94,5,1,0
BRDA:114,6,0,0
BRDA:114,6,1,0
BRDA:136,7,0,0
BRDA:136,7,1,0
BRDA:149,8,0,0
BRDA:149,8,1,0
BRDA:149,9,0,0
BRDA:149,9,1,0
BRDA:149,9,2,0
BRDA:156,10,0,0
BRDA:156,10,1,0
BRDA:176,11,0,0
BRDA:176,11,1,0
BRDA:186,12,0,0
BRDA:186,12,1,0
BRDA:214,13,0,0
BRDA:214,13,1,0
BRDA:226,14,0,0
BRDA:226,14,1,0
BRDA:236,15,0,0
BRDA:236,15,1,0
BRDA:254,16,0,0
BRDA:254,16,1,0
BRDA:294,17,0,0
BRDA:294,17,1,0
BRF:37
BRH:0
end_of_record
TN:
SF:src\controllers\user\reviewController.js
FN:9,(anonymous_0)
FN:16,(anonymous_1)
FN:32,(anonymous_2)
FN:59,(anonymous_3)
FN:75,(anonymous_4)
FN:160,(anonymous_5)
FNF:6
FNH:0
FNDA:0,(anonymous_0)
FNDA:0,(anonymous_1)
FNDA:0,(anonymous_2)
FNDA:0,(anonymous_3)
FNDA:0,(anonymous_4)
FNDA:0,(anonymous_5)
DA:5,0
DA:6,0
DA:9,0
DA:10,0
DA:11,0
DA:12,0
DA:16,0
DA:18,0
DA:23,0
DA:24,0
DA:32,0
DA:33,0
DA:34,0
DA:36,0
DA:37,0
DA:41,0
DA:59,0
DA:64,0
DA:66,0
DA:67,0
DA:75,0
DA:76,0
DA:77,0
DA:80,0
DA:81,0
DA:86,0
DA:87,0
DA:91,0
DA:96,0
DA:97,0
DA:101,0
DA:106,0
DA:107,0
DA:111,0
DA:113,0
DA:120,0
DA:123,0
DA:140,0
DA:142,0
DA:150,0
DA:151,0
DA:160,0
DA:161,0
DA:162,0
DA:164,0
DA:178,0
DA:188,0
DA:189,0
LF:48
LH:0
BRDA:11,0,0,0
BRDA:11,0,1,0
BRDA:11,1,0,0
BRDA:11,1,1,0
BRDA:36,2,0,0
BRDA:36,2,1,0
BRDA:61,3,0,0
BRDA:61,3,1,0
BRDA:80,4,0,0
BRDA:80,4,1,0
BRDA:80,5,0,0
BRDA:80,5,1,0
BRDA:80,5,2,0
BRDA:80,5,3,0
BRDA:86,6,0,0
BRDA:86,6,1,0
BRDA:86,7,0,0
BRDA:86,7,1,0
BRDA:96,8,0,0
BRDA:96,8,1,0
BRDA:96,9,0,0
BRDA:96,9,1,0
BRDA:106,10,0,0
BRDA:106,10,1,0
BRDA:106,11,0,0
BRDA:106,11,1,0
BRDA:111,12,0,0
BRDA:111,12,1,0
BRDA:111,13,0,0
BRDA:111,13,1,0
BRDA:140,14,0,0
BRDA:140,14,1,0
BRDA:144,15,0,0
BRDA:144,15,1,0
BRDA:146,16,0,0
BRDA:146,16,1,0
BRDA:154,17,0,0
BRDA:154,17,1,0
BRDA:178,18,0,0
BRDA:178,18,1,0
BRF:40
BRH:0
end_of_record
TN:
SF:src\controllers\user\userController.js
FN:3,(anonymous_0)
FNF:1
FNH:0
FNDA:0,(anonymous_0)
DA:3,0
LF:1
LH:0
BRF:0
BRH:0
end_of_record
TN:
SF:src\middleware\auth.js
FN:5,(anonymous_0)
FN:82,(anonymous_1)
FN:83,(anonymous_2)
FN:103,(anonymous_3)
FNF:4
FNH:0
FNDA:0,(anonymous_0)
FNDA:0,(anonymous_1)
FNDA:0,(anonymous_2)
FNDA:0,(anonymous_3)
DA:5,0
DA:9,0
DA:13,0
DA:17,0
DA:18,0
DA:24,0
DA:26,0
DA:29,0
DA:31,0
DA:32,0
DA:39,0
DA:40,0
DA:47,0
DA:55,0
DA:58,0
DA:60,0
DA:61,0
DA:67,0
DA:68,0
DA:74,0
DA:82,0
DA:83,0
DA:84,0
DA:85,0
DA:91,0
DA:92,0
DA:98,0
DA:103,0
DA:106,0
DA:110,0
DA:113,0
DA:114,0
DA:117,0
DA:118,0
DA:119,0
DA:121,0
DA:122,0
DA:134,0
LF:38
LH:0
BRDA:9,0,0,0
BRDA:9,0,1,0
BRDA:10,1,0,0
BRDA:10,1,1,0
BRDA:17,2,0,0
BRDA:17,2,1,0
BRDA:31,3,0,0
BRDA:31,3,1,0
BRDA:39,4,0,0
BRDA:39,4,1,0
BRDA:60,5,0,0
BRDA:60,5,1,0
BRDA:67,6,0,0
BRDA:67,6,1,0
BRDA:84,7,0,0
BRDA:84,7,1,0
BRDA:91,8,0,0
BRDA:91,8,1,0
BRDA:106,9,0,0
BRDA:106,9,1,0
BRDA:107,10,0,0
BRDA:107,10,1,0
BRDA:113,11,0,0
BRDA:113,11,1,0
BRDA:121,12,0,0
BRDA:121,12,1,0
BRDA:121,13,0,0
BRDA:121,13,1,0
BRF:28
BRH:0
end_of_record
TN:
SF:src\middleware\authMiddleware.js
FN:3,requireAuth
FNF:1
FNH:0
FNDA:0,requireAuth
DA:4,0
DA:5,0
DA:6,0
DA:7,0
DA:8,0
DA:9,0
DA:11,0
LF:7
LH:0
BRDA:5,0,0,0
BRDA:5,0,1,0
BRDA:7,1,0,0
BRDA:7,1,1,0
BRF:4
BRH:0
end_of_record
TN:
SF:src\middleware\roleMiddleware.js
FN:2,requireRole
FN:3,(anonymous_1)
FNF:2
FNH:0
FNDA:0,requireRole
FNDA:0,(anonymous_1)
DA:3,0
DA:4,0
DA:5,0
DA:7,0
LF:4
LH:0
BRDA:4,0,0,0
BRDA:4,0,1,0
BRDA:4,1,0,0
BRDA:4,1,1,0
BRF:4
BRH:0
end_of_record
TN:
SF:src\middleware\upload.js
FN:17,(anonymous_0)
FN:20,(anonymous_1)
FN:27,(anonymous_2)
FN:49,(anonymous_3)
FNF:4
FNH:0
FNDA:0,(anonymous_0)
FNDA:0,(anonymous_1)
FNDA:0,(anonymous_2)
FNDA:0,(anonymous_3)
DA:6,0
DA:7,0
DA:10,0
DA:11,0
DA:12,0
DA:16,0
DA:18,0
DA:21,0
DA:22,0
DA:27,0
DA:28,0
DA:29,0
DA:30,0
DA:32,0
DA:33,0
DA:35,0
DA:40,0
DA:49,0
DA:50,0
DA:51,0
DA:52,0
DA:54,0
DA:55,0
DA:57,0
DA:58,0
DA:59,0
DA:61,0
LF:27
LH:0
BRDA:11,0,0,0
BRDA:11,0,1,0
BRDA:32,1,0,0
BRDA:32,1,1,0
BRDA:32,2,0,0
BRDA:32,2,1,0
BRDA:50,3,0,0
BRDA:50,3,1,0
BRDA:51,4,0,0
BRDA:51,4,1,0
BRDA:54,5,0,0
BRDA:54,5,1,0
BRDA:58,6,0,0
BRDA:58,6,1,0
BRF:14
BRH:0
end_of_record
TN:
SF:src\models\Booking.js
FNF:0
FNH:0
DA:4,0
LF:1
LH:0
BRF:0
BRH:0
end_of_record
TN:
SF:src\models\Field.js
FNF:0
FNH:0
DA:4,0
LF:1
LH:0
BRF:0
BRH:0
end_of_record
TN:
SF:src\models\FieldImage.js
FNF:0
FNH:0
DA:4,0
LF:1
LH:0
BRF:0
BRH:0
end_of_record
TN:
SF:src\models\FieldSchedule.js
FNF:0
FNH:0
DA:4,0
LF:1
LH:0
BRF:0
BRH:0
end_of_record
TN:
SF:src\models\PasswordReset.js
FN:47,(anonymous_0)
FNF:1
FNH:0
FNDA:0,(anonymous_0)
DA:4,0
DA:47,0
DA:48,0
LF:3
LH:0
BRDA:48,0,0,0
BRDA:48,0,1,0
BRF:2
BRH:0
end_of_record
TN:
SF:src\models\Payment.js
FNF:0
FNH:0
DA:4,0
LF:1
LH:0
BRF:0
BRH:0
end_of_record
TN:
SF:src\models\Person.js
FN:76,(anonymous_0)
FN:82,(anonymous_1)
FN:93,(anonymous_2)
FNF:3
FNH:0
FNDA:0,(anonymous_0)
FNDA:0,(anonymous_1)
FNDA:0,(anonymous_2)
DA:5,0
DA:77,0
DA:78,0
DA:79,0
DA:83,0
DA:84,0
DA:85,0
DA:93,0
DA:94,0
LF:9
LH:0
BRDA:77,0,0,0
BRDA:77,0,1,0
BRDA:83,1,0,0
BRDA:83,1,1,0
BRF:4
BRH:0
end_of_record
TN:
SF:src\models\Review.js
FNF:0
FNH:0
DA:4,0
LF:1
LH:0
BRF:0
BRH:0
end_of_record
TN:
SF:src\models\User.js
FN:125,(anonymous_0)
FN:132,(anonymous_1)
FN:142,(anonymous_2)
FN:147,(anonymous_3)
FNF:4
FNH:0
FNDA:0,(anonymous_0)
FNDA:0,(anonymous_1)
FNDA:0,(anonymous_2)
FNDA:0,(anonymous_3)
DA:5,0
DA:126,0
DA:127,0
DA:128,0
DA:133,0
DA:134,0
DA:135,0
DA:142,0
DA:143,0
DA:147,0
DA:148,0
DA:149,0
DA:150,0
DA:154,0
LF:14
LH:0
BRDA:126,0,0,0
BRDA:126,0,1,0
BRDA:133,1,0,0
BRDA:133,1,1,0
BRF:4
BRH:0
end_of_record
TN:
SF:src\models\booking.model.js
FNF:0
FNH:0
DA:1,0
DA:2,0
DA:3,0
DA:4,0
DA:6,0
DA:45,0
DA:46,0
DA:47,0
DA:48,0
DA:50,0
LF:10
LH:0
BRF:0
BRH:0
end_of_record
TN:
SF:src\models\field.model.js
FNF:0
FNH:0
DA:1,0
DA:2,0
DA:4,0
DA:31,0
LF:4
LH:0
BRF:0
BRH:0
end_of_record
TN:
SF:src\models\index.js
FNF:0
FNH:0
DA:11,0
DA:12,0
DA:14,0
DA:15,0
DA:17,0
DA:18,0
DA:20,0
DA:21,0
DA:23,0
DA:24,0
DA:26,0
DA:27,0
DA:29,0
DA:30,0
DA:32,0
DA:33,0
DA:35,0
DA:36,0
DA:38,0
DA:39,0
DA:41,0
DA:42,0
DA:44,0
DA:45,0
DA:47,0
DA:48,0
LF:26
LH:0
BRF:0
BRH:0
end_of_record
TN:
SF:src\models\user.model.js
FN:31,(anonymous_0)
FNF:1
FNH:0
FNDA:0,(anonymous_0)
DA:1,0
DA:2,0
DA:3,0
DA:5,0
DA:32,0
DA:33,0
DA:39,0
LF:7
LH:0
BRDA:32,0,0,0
BRDA:32,0,1,0
BRF:2
BRH:0
end_of_record
TN:
SF:src\routes\aiRoutes.js
FNF:0
FNH:0
DA:11,0
DA:14,0
DA:15,0
DA:16,0
DA:17,0
DA:20,0
LF:6
LH:0
BRF:0
BRH:0
end_of_record
TN:
SF:src\routes\chatRoutes.js
FNF:0
FNH:0
DA:11,0
DA:14,0
DA:17,0
DA:20,0
DA:23,0
DA:26,0
DA:29,0
LF:7
LH:0
BRF:0
BRH:0
end_of_record
TN:
SF:src\routes\admin\adminRoutes.js
FNF:0
FNH:0
DA:12,0
DA:15,0
DA:16,0
DA:19,0
DA:20,0
DA:21,0
DA:22,0
DA:25,0
DA:26,0
DA:27,0
DA:28,0
DA:29,0
DA:30,0
DA:31,0
DA:34,0
DA:35,0
DA:36,0
DA:37,0
DA:38,0
DA:39,0
DA:40,0
DA:41,0
DA:42,0
DA:45,0
DA:46,0
DA:47,0
DA:48,0
DA:49,0
DA:50,0
DA:53,0
DA:54,0
DA:55,0
DA:56,0
DA:57,0
DA:58,0
DA:59,0
LF:36
LH:0
BRF:0
BRH:0
end_of_record
TN:
SF:src\routes\manager\bookingRoutes.js
FNF:0
FNH:0
DA:5,0
LF:1
LH:0
BRF:0
BRH:0
end_of_record
TN:
SF:src\routes\manager\fieldRoutes.js
FNF:0
FNH:0
DA:8,0
DA:11,0
DA:14,0
DA:17,0
LF:4
LH:0
BRF:0
BRH:0
end_of_record
TN:
SF:src\routes\manager\managerRoutes.js
FNF:0
FNH:0
DA:27,0
DA:30,0
DA:31,0
DA:34,0
DA:35,0
DA:36,0
DA:39,0
DA:40,0
DA:41,0
DA:42,0
DA:43,0
DA:44,0
DA:47,0
DA:48,0
DA:49,0
DA:50,0
DA:51,0
DA:52,0
DA:53,0
LF:19
LH:0
BRF:0
BRH:0
end_of_record
TN:
SF:src\routes\manager\paymentRoutes.js
FNF:0
FNH:0
DA:4,0
DA:6,0
LF:2
LH:0
BRF:0
BRH:0
end_of_record
TN:
SF:src\routes\user\authRoutes.js
FNF:0
FNH:0
DA:17,0
DA:20,0
DA:21,0
DA:22,0
DA:25,0
DA:26,0
DA:27,0
DA:28,0
DA:31,0
DA:32,0
LF:10
LH:0
BRF:0
BRH:0
end_of_record
TN:
SF:src\routes\user\userRoutes.js
FNF:0
FNH:0
DA:9,0
DA:11,0
DA:13,0
DA:14,0
DA:15,0
DA:17,0
DA:18,0
DA:19,0
DA:20,0
DA:22,0
DA:23,0
DA:24,0
DA:25,0
LF:13
LH:0
BRF:0
BRH:0
end_of_record
TN:
SF:src\services\chatService.js
FN:6,(anonymous_0)
FN:43,(anonymous_1)
FN:97,(anonymous_2)
FN:125,(anonymous_3)
FN:155,(anonymous_4)
FNF:5
FNH:0
FNDA:0,(anonymous_0)
FNDA:0,(anonymous_1)
FNDA:0,(anonymous_2)
FNDA:0,(anonymous_3)
FNDA:0,(anonymous_4)
DA:6,0
DA:7,0
DA:9,0
DA:17,0
DA:18,0
DA:22,0
DA:28,0
DA:36,0
DA:43,0
DA:44,0
DA:46,0
DA:47,0
DA:65,0
DA:84,0
DA:88,0
DA:90,0
DA:97,0
DA:98,0
DA:99,0
DA:109,0
DA:116,0
DA:118,0
DA:125,0
DA:126,0
DA:127,0
DA:134,0
DA:139,0
DA:148,0
DA:155,0
DA:156,0
DA:157,0
DA:164,0
DA:166,0
LF:33
LH:0
BRDA:17,0,0,0
BRDA:17,0,1,0
BRDA:46,1,0,0
BRDA:46,1,1,0
BRF:4
BRH:0
end_of_record
TN:
SF:src\services\emailService.js
FN:6,(anonymous_0)
FN:43,(anonymous_1)
FN:134,(anonymous_2)
FNF:3
FNH:0
FNDA:0,(anonymous_0)
FNDA:0,(anonymous_1)
FNDA:0,(anonymous_2)
DA:4,0
DA:6,0
DA:7,0
DA:11,0
DA:12,0
DA:23,0
DA:24,0
DA:39,0
DA:43,0
DA:44,0
DA:45,0
DA:48,0
DA:99,0
DA:100,0
DA:101,0
DA:102,0
DA:103,0
DA:104,0
DA:105,0
DA:106,0
DA:107,0
DA:110,0
DA:118,0
DA:120,0
DA:121,0
DA:128,0
DA:129,0
DA:134,0
DA:135,0
DA:136,0
DA:138,0
DA:175,0
DA:176,0
DA:177,0
DA:180,0
DA:181,0
DA:184,0
DA:186,0
LF:38
LH:0
BRDA:7,0,0,0
BRDA:7,0,1,0
BRDA:11,1,0,0
BRDA:11,1,1,0
BRDA:11,2,0,0
BRDA:11,2,1,0
BRDA:14,3,0,0
BRDA:14,3,1,0
BRDA:29,4,0,0
BRDA:29,4,1,0
BRDA:30,5,0,0
BRDA:30,5,1,0
BRDA:49,6,0,0
BRDA:49,6,1,0
BRDA:74,7,0,0
BRDA:74,7,1,0
BRDA:99,8,0,0
BRDA:99,8,1,0
BRDA:99,9,0,0
BRDA:99,9,1,0
BRDA:139,10,0,0
BRDA:139,10,1,0
BRDA:161,11,0,0
BRDA:161,11,1,0
BRDA:175,12,0,0
BRDA:175,12,1,0
BRDA:175,13,0,0
BRDA:175,13,1,0
BRF:28
BRH:0
end_of_record
TN:
SF:src\services\fieldService.js
FN:3,(anonymous_0)
FN:8,(anonymous_1)
FN:24,(anonymous_2)
FNF:3
FNH:0
FNDA:0,(anonymous_0)
FNDA:0,(anonymous_1)
FNDA:0,(anonymous_2)
DA:3,0
DA:4,0
DA:5,0
DA:8,0
DA:9,0
DA:10,0
DA:14,0
DA:16,0
DA:17,0
DA:24,0
DA:25,0
DA:26,0
DA:28,0
DA:29,0
DA:30,0
DA:33,0
DA:34,0
DA:35,0
DA:37,0
DA:38,0
DA:39,0
DA:41,0
DA:42,0
LF:23
LH:0
BRDA:14,0,0,0
BRDA:14,0,1,0
BRDA:28,1,0,0
BRDA:28,1,1,0
BRDA:33,2,0,0
BRDA:33,2,1,0
BRDA:37,3,0,0
BRDA:37,3,1,0
BRF:8
BRH:0
end_of_record
TN:
SF:src\services\geminiService.js
FN:8,(anonymous_0)
FN:50,(anonymous_1)
FN:59,(anonymous_2)
FN:116,(anonymous_3)
FN:132,(anonymous_4)
FN:162,(anonymous_5)
FN:176,(anonymous_6)
FNF:7
FNH:0
FNDA:0,(anonymous_0)
FNDA:0,(anonymous_1)
FNDA:0,(anonymous_2)
FNDA:0,(anonymous_3)
FNDA:0,(anonymous_4)
FNDA:0,(anonymous_5)
FNDA:0,(anonymous_6)
DA:3,0
DA:8,0
DA:9,0
DA:10,0
DA:12,0
DA:14,0
DA:29,0
DA:30,0
DA:31,0
DA:33,0
DA:38,0
DA:39,0
DA:50,0
DA:51,0
DA:52,0
DA:54,0
DA:56,0
DA:59,0
DA:80,0
DA:81,0
DA:82,0
DA:85,0
DA:86,0
DA:87,0
DA:88,0
DA:95,0
DA:103,0
DA:104,0
DA:116,0
DA:117,0
DA:118,0
DA:120,0
DA:122,0
DA:132,0
DA:142,0
DA:143,0
DA:144,0
DA:146,0
DA:151,0
DA:152,0
DA:162,0
DA:163,0
DA:164,0
DA:166,0
DA:175,0
DA:176,0
DA:179,0
DA:180,0
DA:181,0
DA:183,0
DA:188,0
DA:189,0
LF:52
LH:0
BRDA:3,0,0,0
BRDA:3,0,1,0
BRDA:16,1,0,0
BRDA:16,1,1,0
BRDA:17,2,0,0
BRDA:17,2,1,0
BRDA:18,3,0,0
BRDA:18,3,1,0
BRDA:19,4,0,0
BRDA:19,4,1,0
BRDA:86,5,0,0
BRDA:86,5,1,0
BRDA:127,6,0,0
BRDA:127,6,1,0
BRDA:128,7,0,0
BRDA:128,7,1,0
BRDA:129,8,0,0
BRDA:129,8,1,0
BRDA:132,9,0,0
BRDA:132,9,1,0
BRDA:132,10,0,0
BRDA:132,10,1,0
BRDA:162,11,0,0
BRDA:175,12,0,0
BRDA:175,12,1,0
BRF:25
BRH:0
end_of_record
TN:
SF:src\services\weatherService.js
FN:8,(anonymous_0)
FN:106,(anonymous_1)
FNF:2
FNH:0
FNDA:0,(anonymous_0)
FNDA:0,(anonymous_1)
DA:3,0
DA:8,0
DA:9,0
DA:10,0
DA:11,0
DA:12,0
DA:15,0
DA:17,0
DA:39,0
DA:40,0
DA:41,0
DA:44,0
DA:47,0
DA:48,0
DA:51,0
DA:55,0
DA:56,0
DA:59,0
DA:63,0
DA:64,0
DA:65,0
DA:66,0
DA:67,0
DA:68,0
DA:69,0
DA:70,0
DA:72,0
DA:76,0
DA:81,0
DA:84,0
DA:85,0
DA:106,0
DA:107,0
DA:109,0
DA:112,0
DA:115,0
DA:118,0
DA:120,0
LF:38
LH:0
BRDA:3,0,0,0
BRDA:3,0,1,0
BRDA:8,1,0,0
BRDA:47,2,0,0
BRDA:47,2,1,0
BRDA:59,3,0,0
BRDA:59,3,1,0
BRDA:59,4,0,0
BRDA:59,4,1,0
BRDA:59,4,2,0
BRDA:59,4,3,0
BRDA:59,4,4,0
BRDA:63,5,0,0
BRDA:63,5,1,0
BRDA:65,6,0,0
BRDA:65,6,1,0
BRDA:67,7,0,0
BRDA:67,7,1,0
BRDA:69,8,0,0
BRDA:69,8,1,0
BRDA:107,9,0,0
BRDA:107,9,1,0
BRDA:112,10,0,0
BRDA:112,10,1,0
BRDA:115,11,0,0
BRDA:115,11,1,0
BRDA:115,12,0,0
BRDA:115,12,1,0
BRDA:118,13,0,0
BRDA:118,13,1,0
BRF:30
BRH:0
end_of_record
TN:
SF:src\services\admin\bookingManagementService.js
FN:6,(anonymous_0)
FN:68,(anonymous_1)
FN:88,(anonymous_2)
FN:119,(anonymous_3)
FN:153,(anonymous_4)
FN:198,(anonymous_5)
FNF:6
FNH:0
FNDA:0,(anonymous_0)
FNDA:0,(anonymous_1)
FNDA:0,(anonymous_2)
FNDA:0,(anonymous_3)
FNDA:0,(anonymous_4)
FNDA:0,(anonymous_5)
DA:6,0
DA:7,0
DA:8,0
DA:10,0
DA:11,0
DA:13,0
DA:14,0
DA:15,0
DA:17,0
DA:18,0
DA:19,0
DA:22,0
DA:23,0
DA:24,0
DA:25,0
DA:26,0
DA:27,0
DA:28,0
DA:29,0
DA:30,0
DA:33,0
DA:36,0
DA:42,0
DA:57,0
DA:68,0
DA:69,0
DA:82,0
DA:88,0
DA:89,0
DA:94,0
DA:95,0
DA:98,0
DA:99,0
DA:100,0
DA:103,0
DA:108,0
DA:113,0
DA:119,0
DA:120,0
DA:125,0
DA:126,0
DA:129,0
DA:130,0
DA:133,0
DA:137,0
DA:142,0
DA:147,0
DA:153,0
DA:154,0
DA:158,0
DA:162,0
DA:166,0
DA:170,0
DA:175,0
DA:176,0
DA:177,0
DA:178,0
DA:180,0
DA:185,0
DA:198,0
DA:199,0
DA:213,0
LF:62
LH:0
BRDA:6,0,0,0
BRDA:6,1,0,0
BRDA:7,2,0,0
BRDA:7,3,0,0
BRDA:7,4,0,0
BRDA:7,5,0,0
BRDA:7,6,0,0
BRDA:7,7,0,0
BRDA:13,8,0,0
BRDA:13,8,1,0
BRDA:17,9,0,0
BRDA:17,9,1,0
BRDA:22,10,0,0
BRDA:22,10,1,0
BRDA:22,11,0,0
BRDA:22,11,1,0
BRDA:25,12,0,0
BRDA:25,12,1,0
BRDA:28,13,0,0
BRDA:28,13,1,0
BRDA:33,14,0,0
BRDA:33,14,1,0
BRDA:88,15,0,0
BRDA:94,16,0,0
BRDA:94,16,1,0
BRDA:98,17,0,0
BRDA:98,17,1,0
BRDA:99,18,0,0
BRDA:99,18,1,0
BRDA:100,19,0,0
BRDA:100,19,1,0
BRDA:125,20,0,0
BRDA:125,20,1,0
BRDA:129,21,0,0
BRDA:129,21,1,0
BRDA:133,22,0,0
BRDA:133,22,1,0
BRF:37
BRH:0
end_of_record
TN:
SF:src\services\admin\dashboardService.js
FN:6,(anonymous_0)
FN:86,(anonymous_1)
FN:106,(anonymous_2)
FN:122,(anonymous_3)
FN:149,(anonymous_4)
FN:165,(anonymous_5)
FN:181,(anonymous_6)
FN:187,(anonymous_7)
FNF:8
FNH:0
FNDA:0,(anonymous_0)
FNDA:0,(anonymous_1)
FNDA:0,(anonymous_2)
FNDA:0,(anonymous_3)
FNDA:0,(anonymous_4)
FNDA:0,(anonymous_5)
FNDA:0,(anonymous_6)
FNDA:0,(anonymous_7)
DA:6,0
DA:7,0
DA:9,0
DA:21,0
DA:31,0
DA:43,0
DA:50,0
DA:57,0
DA:78,0
DA:79,0
DA:86,0
DA:87,0
DA:88,0
DA:106,0
DA:108,0
DA:114,0
DA:115,0
DA:122,0
DA:123,0
DA:124,0
DA:138,0
DA:140,0
DA:141,0
DA:142,0
DA:145,0
DA:147,0
DA:149,0
DA:151,0
DA:157,0
DA:158,0
DA:165,0
DA:166,0
DA:167,0
DA:181,0
DA:187,0
DA:188,0
DA:189,0
DA:196,0
DA:198,0
DA:199,0
LF:40
LH:0
BRDA:58,0,0,0
BRDA:58,0,1,0
BRDA:59,1,0,0
BRDA:59,1,1,0
BRDA:60,2,0,0
BRDA:60,2,1,0
BRDA:61,3,0,0
BRDA:61,3,1,0
BRDA:62,4,0,0
BRDA:62,4,1,0
BRDA:63,5,0,0
BRDA:63,5,1,0
BRDA:64,6,0,0
BRDA:64,6,1,0
BRDA:65,7,0,0
BRDA:65,7,1,0
BRDA:66,8,0,0
BRDA:66,8,1,0
BRDA:67,9,0,0
BRDA:67,9,1,0
BRDA:68,10,0,0
BRDA:68,10,1,0
BRDA:69,11,0,0
BRDA:69,11,1,0
BRDA:70,12,0,0
BRDA:70,12,1,0
BRDA:71,13,0,0
BRDA:71,13,1,0
BRDA:72,14,0,0
BRDA:72,14,1,0
BRDA:73,15,0,0
BRDA:73,15,1,0
BRDA:74,16,0,0
BRDA:74,16,1,0
BRDA:75,17,0,0
BRDA:75,17,1,0
BRDA:106,18,0,0
BRDA:106,18,1,0
BRDA:140,19,0,0
BRDA:140,19,1,0
BRDA:140,20,0,0
BRDA:140,20,1,0
BRDA:149,21,0,0
BRDA:149,21,1,0
BRDA:191,22,0,0
BRDA:191,22,1,0
BRDA:192,23,0,0
BRDA:192,23,1,0
BRF:48
BRH:0
end_of_record
TN:
SF:src\services\admin\employeeManagementService.js
FN:7,(anonymous_0)
FN:55,(anonymous_1)
FN:82,(anonymous_2)
FN:134,(anonymous_3)
FN:149,(anonymous_4)
FN:166,(anonymous_5)
FN:186,(anonymous_6)
FN:214,(anonymous_7)
FN:242,(anonymous_8)
FNF:9
FNH:0
FNDA:0,(anonymous_0)
FNDA:0,(anonymous_1)
FNDA:0,(anonymous_2)
FNDA:0,(anonymous_3)
FNDA:0,(anonymous_4)
FNDA:0,(anonymous_5)
FNDA:0,(anonymous_6)
FNDA:0,(anonymous_7)
FNDA:0,(anonymous_8)
DA:7,0
DA:8,0
DA:9,0
DA:12,0
DA:13,0
DA:14,0
DA:17,0
DA:18,0
DA:19,0
DA:23,0
DA:28,0
DA:31,0
DA:55,0
DA:71,0
DA:82,0
DA:83,0
DA:106,0
DA:108,0
DA:110,0
DA:134,0
DA:136,0
DA:141,0
DA:142,0
DA:143,0
DA:149,0
DA:150,0
DA:157,0
DA:158,0
DA:162,0
DA:163,0
DA:166,0
DA:167,0
DA:168,0
DA:173,0
DA:174,0
DA:177,0
DA:178,0
DA:179,0
DA:180,0
DA:186,0
DA:187,0
DA:194,0
DA:195,0
DA:199,0
DA:203,0
DA:204,0
DA:207,0
DA:208,0
DA:214,0
DA:215,0
DA:222,0
DA:223,0
DA:226,0
DA:227,0
DA:228,0
DA:231,0
DA:233,0
DA:242,0
DA:243,0
DA:244,0
DA:245,0
DA:247,0
LF:62
LH:0
BRDA:7,0,0,0
BRDA:7,1,0,0
BRDA:8,2,0,0
BRDA:8,3,0,0
BRDA:8,4,0,0
BRDA:8,5,0,0
BRDA:13,6,0,0
BRDA:13,6,1,0
BRDA:18,7,0,0
BRDA:18,7,1,0
BRDA:106,8,0,0
BRDA:106,8,1,0
BRDA:106,9,0,0
BRDA:106,9,1,0
BRDA:122,10,0,0
BRDA:122,10,1,0
BRDA:157,11,0,0
BRDA:157,11,1,0
BRDA:167,12,0,0
BRDA:167,12,1,0
BRDA:167,13,0,0
BRDA:167,13,1,0
BRDA:173,14,0,0
BRDA:173,14,1,0
BRDA:174,15,0,0
BRDA:174,15,1,0
BRDA:194,16,0,0
BRDA:194,16,1,0
BRDA:203,17,0,0
BRDA:203,17,1,0
BRDA:222,18,0,0
BRDA:222,18,1,0
BRDA:227,19,0,0
BRDA:227,19,1,0
BRF:34
BRH:0
end_of_record
TN:
SF:src\services\admin\fieldManagementService.js
FN:8,(anonymous_0)
FN:56,(anonymous_1)
FN:89,(anonymous_2)
FN:105,(anonymous_3)
FN:154,(anonymous_4)
FN:188,(anonymous_5)
FN:214,(anonymous_6)
FN:242,(anonymous_7)
FN:248,(anonymous_8)
FN:261,(anonymous_9)
FNF:10
FNH:0
FNDA:0,(anonymous_0)
FNDA:0,(anonymous_1)
FNDA:0,(anonymous_2)
FNDA:0,(anonymous_3)
FNDA:0,(anonymous_4)
FNDA:0,(anonymous_5)
FNDA:0,(anonymous_6)
FNDA:0,(anonymous_7)
FNDA:0,(anonymous_8)
FNDA:0,(anonymous_9)
DA:8,0
DA:9,0
DA:10,0
DA:12,0
DA:13,0
DA:15,0
DA:16,0
DA:17,0
DA:20,0
DA:21,0
DA:22,0
DA:25,0
DA:28,0
DA:34,0
DA:45,0
DA:56,0
DA:57,0
DA:66,0
DA:69,0
DA:80,0
DA:89,0
DA:90,0
DA:92,0
DA:99,0
DA:105,0
DA:106,0
DA:111,0
DA:112,0
DA:115,0
DA:116,0
DA:118,0
DA:119,0
DA:120,0
DA:122,0
DA:123,0
DA:124,0
DA:126,0
DA:127,0
DA:128,0
DA:130,0
DA:131,0
DA:132,0
DA:135,0
DA:136,0
DA:137,0
DA:143,0
DA:148,0
DA:154,0
DA:155,0
DA:160,0
DA:161,0
DA:165,0
DA:173,0
DA:174,0
DA:177,0
DA:182,0
DA:188,0
DA:189,0
DA:194,0
DA:195,0
DA:198,0
DA:200,0
DA:205,0
DA:214,0
DA:215,0
DA:219,0
DA:223,0
DA:227,0
DA:231,0
DA:242,0
DA:243,0
DA:244,0
DA:245,0
DA:248,0
DA:254,0
DA:255,0
DA:261,0
DA:262,0
DA:263,0
DA:264,0
DA:267,0
DA:268,0
LF:82
LH:0
BRDA:8,0,0,0
BRDA:8,1,0,0
BRDA:9,2,0,0
BRDA:9,3,0,0
BRDA:9,4,0,0
BRDA:9,5,0,0
BRDA:15,6,0,0
BRDA:15,6,1,0
BRDA:20,7,0,0
BRDA:20,7,1,0
BRDA:25,8,0,0
BRDA:25,8,1,0
BRDA:66,9,0,0
BRDA:66,9,1,0
BRDA:90,10,0,0
BRDA:96,11,0,0
BRDA:96,11,1,0
BRDA:96,12,0,0
BRDA:96,12,1,0
BRDA:111,13,0,0
BRDA:111,13,1,0
BRDA:118,14,0,0
BRDA:118,14,1,0
BRDA:122,15,0,0
BRDA:122,15,1,0
BRDA:126,16,0,0
BRDA:126,16,1,0
BRDA:130,17,0,0
BRDA:130,17,1,0
BRDA:135,18,0,0
BRDA:135,18,1,0
BRDA:160,19,0,0
BRDA:160,19,1,0
BRDA:173,20,0,0
BRDA:173,20,1,0
BRDA:194,21,0,0
BRDA:194,21,1,0
BRDA:198,22,0,0
BRDA:198,22,1,0
BRDA:244,23,0,0
BRDA:244,23,1,0
BRDA:263,24,0,0
BRDA:263,24,1,0
BRF:43
BRH:0
end_of_record
TN:
SF:src\services\admin\userManagementService.js
FN:8,(anonymous_0)
FN:59,(anonymous_1)
FN:99,(anonymous_2)
FN:120,(anonymous_3)
FN:186,(anonymous_4)
FN:207,(anonymous_5)
FN:233,(anonymous_6)
FNF:7
FNH:0
FNDA:0,(anonymous_0)
FNDA:0,(anonymous_1)
FNDA:0,(anonymous_2)
FNDA:0,(anonymous_3)
FNDA:0,(anonymous_4)
FNDA:0,(anonymous_5)
FNDA:0,(anonymous_6)
DA:8,0
DA:9,0
DA:10,0
DA:12,0
DA:13,0
DA:15,0
DA:16,0
DA:17,0
DA:20,0
DA:21,0
DA:22,0
DA:25,0
DA:26,0
DA:27,0
DA:30,0
DA:33,0
DA:39,0
DA:48,0
DA:59,0
DA:60,0
DA:67,0
DA:70,0
DA:78,0
DA:89,0
DA:99,0
DA:100,0
DA:102,0
DA:108,0
DA:114,0
DA:120,0
DA:121,0
DA:126,0
DA:127,0
DA:130,0
DA:131,0
DA:133,0
DA:134,0
DA:135,0
DA:137,0
DA:138,0
DA:139,0
DA:141,0
DA:142,0
DA:143,0
DA:145,0
DA:146,0
DA:147,0
DA:149,0
DA:150,0
DA:151,0
DA:153,0
DA:154,0
DA:155,0
DA:157,0
DA:158,0
DA:159,0
DA:161,0
DA:162,0
DA:163,0
DA:166,0
DA:167,0
DA:168,0
DA:174,0
DA:180,0
DA:186,0
DA:187,0
DA:192,0
DA:193,0
DA:196,0
DA:201,0
DA:207,0
DA:208,0
DA:213,0
DA:214,0
DA:217,0
DA:219,0
DA:224,0
DA:233,0
DA:234,0
DA:238,0
DA:242,0
DA:246,0
DA:250,0
LF:83
LH:0
BRDA:8,0,0,0
BRDA:8,1,0,0
BRDA:9,2,0,0
BRDA:9,3,0,0
BRDA:9,4,0,0
BRDA:9,5,0,0
BRDA:9,6,0,0
BRDA:15,7,0,0
BRDA:15,7,1,0
BRDA:20,8,0,0
BRDA:20,8,1,0
BRDA:25,9,0,0
BRDA:25,9,1,0
BRDA:30,10,0,0
BRDA:30,10,1,0
BRDA:67,11,0,0
BRDA:67,11,1,0
BRDA:100,12,0,0
BRDA:100,13,0,0
BRDA:126,14,0,0
BRDA:126,14,1,0
BRDA:133,15,0,0
BRDA:133,15,1,0
BRDA:137,16,0,0
BRDA:137,16,1,0
BRDA:141,17,0,0
BRDA:141,17,1,0
BRDA:145,18,0,0
BRDA:145,18,1,0
BRDA:149,19,0,0
BRDA:149,19,1,0
BRDA:153,20,0,0
BRDA:153,20,1,0
BRDA:157,21,0,0
BRDA:157,21,1,0
BRDA:161,22,0,0
BRDA:161,22,1,0
BRDA:166,23,0,0
BRDA:166,23,1,0
BRDA:192,24,0,0
BRDA:192,24,1,0
BRDA:213,25,0,0
BRDA:213,25,1,0
BRDA:217,26,0,0
BRDA:217,26,1,0
BRF:45
BRH:0
end_of_record
TN:
SF:src\services\manager\bookingService.js
FN:6,(anonymous_0)
FN:69,(anonymous_1)
FN:103,(anonymous_2)
FNF:3
FNH:0
FNDA:0,(anonymous_0)
FNDA:0,(anonymous_1)
FNDA:0,(anonymous_2)
DA:6,0
DA:7,0
DA:8,0
DA:10,0
DA:11,0
DA:13,0
DA:14,0
DA:15,0
DA:18,0
DA:19,0
DA:20,0
DA:23,0
DA:24,0
DA:25,0
DA:28,0
DA:29,0
DA:30,0
DA:33,0
DA:37,0
DA:59,0
DA:61,0
DA:62,0
DA:69,0
DA:70,0
DA:71,0
DA:93,0
DA:95,0
DA:96,0
DA:103,0
DA:104,0
DA:106,0
DA:107,0
DA:108,0
DA:111,0
DA:117,0
DA:119,0
DA:120,0
DA:127,0
DA:130,0
DA:131,0
DA:133,0
DA:135,0
DA:137,0
DA:138,0
LF:44
LH:0
BRDA:6,0,0,0
BRDA:13,1,0,0
BRDA:13,1,1,0
BRDA:13,2,0,0
BRDA:13,2,1,0
BRDA:18,3,0,0
BRDA:18,3,1,0
BRDA:23,4,0,0
BRDA:23,4,1,0
BRDA:28,5,0,0
BRDA:28,5,1,0
BRDA:33,6,0,0
BRDA:33,6,1,0
BRDA:93,7,0,0
BRDA:93,7,1,0
BRDA:103,8,0,0
BRDA:107,9,0,0
BRDA:107,9,1,0
BRDA:119,10,0,0
BRDA:119,10,1,0
BRF:20
BRH:0
end_of_record
TN:
SF:src\services\manager\dashboardService.js
FN:7,(anonymous_0)
FN:76,(anonymous_1)
FN:108,(anonymous_2)
FN:127,(anonymous_3)
FNF:4
FNH:0
FNDA:0,(anonymous_0)
FNDA:0,(anonymous_1)
FNDA:0,(anonymous_2)
FNDA:0,(anonymous_3)
DA:7,0
DA:8,0
DA:10,0
DA:19,0
DA:33,0
DA:42,0
DA:54,0
DA:68,0
DA:69,0
DA:76,0
DA:77,0
DA:78,0
DA:98,0
DA:100,0
DA:101,0
DA:108,0
DA:109,0
DA:110,0
DA:125,0
DA:126,0
DA:127,0
DA:128,0
DA:135,0
DA:137,0
DA:138,0
LF:25
LH:0
BRDA:55,0,0,0
BRDA:55,0,1,0
BRDA:56,1,0,0
BRDA:56,1,1,0
BRDA:57,2,0,0
BRDA:57,2,1,0
BRDA:58,3,0,0
BRDA:58,3,1,0
BRDA:59,4,0,0
BRDA:59,4,1,0
BRDA:60,5,0,0
BRDA:60,5,1,0
BRDA:61,6,0,0
BRDA:61,6,1,0
BRDA:62,7,0,0
BRDA:62,7,1,0
BRDA:63,8,0,0
BRDA:63,8,1,0
BRDA:64,9,0,0
BRDA:64,9,1,0
BRDA:65,10,0,0
BRDA:65,10,1,0
BRDA:130,11,0,0
BRDA:130,11,1,0
BRDA:131,12,0,0
BRDA:131,12,1,0
BRF:26
BRH:0
end_of_record
TN:
SF:src\services\manager\fieldService.js
FN:6,(anonymous_0)
FN:30,(anonymous_1)
FN:50,(anonymous_2)
FN:72,(anonymous_3)
FN:99,(anonymous_4)
FN:122,(anonymous_5)
FN:146,(anonymous_6)
FNF:7
FNH:0
FNDA:0,(anonymous_0)
FNDA:0,(anonymous_1)
FNDA:0,(anonymous_2)
FNDA:0,(anonymous_3)
FNDA:0,(anonymous_4)
FNDA:0,(anonymous_5)
FNDA:0,(anonymous_6)
DA:6,0
DA:7,0
DA:8,0
DA:20,0
DA:22,0
DA:23,0
DA:30,0
DA:31,0
DA:32,0
DA:34,0
DA:40,0
DA:42,0
DA:43,0
DA:50,0
DA:51,0
DA:52,0
DA:53,0
DA:55,0
DA:57,0
DA:62,0
DA:64,0
DA:65,0
DA:72,0
DA:73,0
DA:74,0
DA:75,0
DA:77,0
DA:81,0
DA:82,0
DA:85,0
DA:89,0
DA:91,0
DA:92,0
DA:99,0
DA:100,0
DA:101,0
DA:112,0
DA:114,0
DA:115,0
DA:122,0
DA:123,0
DA:125,0
DA:126,0
DA:127,0
DA:130,0
DA:136,0
DA:138,0
DA:139,0
DA:146,0
DA:147,0
DA:149,0
DA:150,0
DA:151,0
DA:154,0
DA:164,0
DA:171,0
DA:172,0
LF:57
LH:0
BRDA:38,0,0,0
BRDA:38,0,1,0
BRDA:53,1,0,0
BRDA:53,1,1,0
BRDA:75,2,0,0
BRDA:75,2,1,0
BRDA:81,3,0,0
BRDA:81,3,1,0
BRDA:112,4,0,0
BRDA:112,4,1,0
BRDA:126,5,0,0
BRDA:126,5,1,0
BRDA:150,6,0,0
BRDA:150,6,1,0
BRDA:165,7,0,0
BRDA:165,7,1,0
BRDA:166,8,0,0
BRDA:166,8,1,0
BRDA:167,9,0,0
BRDA:167,9,1,0
BRDA:168,10,0,0
BRDA:168,10,1,0
BRF:22
BRH:0
end_of_record
TN:
SF:src\services\user\emailService.js
FN:6,(anonymous_0)
FN:43,(anonymous_1)
FN:134,(anonymous_2)
FNF:3
FNH:0
FNDA:0,(anonymous_0)
FNDA:0,(anonymous_1)
FNDA:0,(anonymous_2)
DA:4,0
DA:6,0
DA:7,0
DA:11,0
DA:12,0
DA:23,0
DA:24,0
DA:39,0
DA:43,0
DA:44,0
DA:45,0
DA:48,0
DA:99,0
DA:100,0
DA:101,0
DA:102,0
DA:103,0
DA:104,0
DA:105,0
DA:106,0
DA:107,0
DA:110,0
DA:118,0
DA:120,0
DA:121,0
DA:128,0
DA:129,0
DA:134,0
DA:135,0
DA:136,0
DA:138,0
DA:175,0
DA:176,0
DA:177,0
DA:180,0
DA:181,0
DA:184,0
DA:186,0
LF:38
LH:0
BRDA:7,0,0,0
BRDA:7,0,1,0
BRDA:11,1,0,0
BRDA:11,1,1,0
BRDA:11,2,0,0
BRDA:11,2,1,0
BRDA:14,3,0,0
BRDA:14,3,1,0
BRDA:29,4,0,0
BRDA:29,4,1,0
BRDA:30,5,0,0
BRDA:30,5,1,0
BRDA:49,6,0,0
BRDA:49,6,1,0
BRDA:74,7,0,0
BRDA:74,7,1,0
BRDA:99,8,0,0
BRDA:99,8,1,0
BRDA:99,9,0,0
BRDA:99,9,1,0
BRDA:139,10,0,0
BRDA:139,10,1,0
BRDA:161,11,0,0
BRDA:161,11,1,0
BRDA:175,12,0,0
BRDA:175,12,1,0
BRDA:175,13,0,0
BRDA:175,13,1,0
BRF:28
BRH:0
end_of_record
TN:
SF:src\services\user\scheduleService.js
FN:12,(anonymous_0)
FN:62,(anonymous_1)
FN:70,(anonymous_2)
FN:79,(anonymous_3)
FN:89,(anonymous_4)
FN:108,(anonymous_5)
FN:114,(anonymous_6)
FN:118,(anonymous_7)
FN:150,getShiftLabel
FN:165,(anonymous_9)
FN:222,(anonymous_10)
FNF:11
FNH:0
FNDA:0,(anonymous_0)
FNDA:0,(anonymous_1)
FNDA:0,(anonymous_2)
FNDA:0,(anonymous_3)
FNDA:0,(anonymous_4)
FNDA:0,(anonymous_5)
FNDA:0,(anonymous_6)
FNDA:0,(anonymous_7)
FNDA:0,getShiftLabel
FNDA:0,(anonymous_9)
FNDA:0,(anonymous_10)
DA:12,0
DA:13,0
DA:14,0
DA:15,0
DA:16,0
DA:18,0
DA:19,0
DA:21,0
DA:22,0
DA:25,0
DA:35,0
DA:47,0
DA:60,0
DA:62,0
DA:63,0
DA:64,0
DA:65,0
DA:66,0
DA:67,0
DA:70,0
DA:71,0
DA:72,0
DA:75,0
DA:77,0
DA:79,0
DA:89,0
DA:90,0
DA:91,0
DA:93,0
DA:94,0
DA:96,0
DA:108,0
DA:109,0
DA:110,0
DA:114,0
DA:115,0
DA:116,0
DA:118,0
DA:119,0
DA:120,0
DA:123,0
DA:126,0
DA:127,0
DA:128,0
DA:131,0
DA:135,0
DA:136,0
DA:137,0
DA:140,0
DA:142,0
DA:143,0
DA:151,0
DA:153,0
DA:154,0
DA:155,0
DA:156,0
DA:157,0
DA:158,0
DA:159,0
DA:165,0
DA:166,0
DA:168,0
DA:181,0
DA:182,0
DA:189,0
DA:202,0
DA:203,0
DA:209,0
DA:214,0
DA:215,0
DA:222,0
DA:223,0
DA:224,0
DA:226,0
DA:227,0
DA:230,0
DA:232,0
DA:245,0
DA:247,0
DA:259,0
DA:262,0
DA:264,0
DA:265,0
LF:83
LH:0
BRDA:14,0,0,0
BRDA:14,0,1,0
BRDA:72,1,0,0
BRDA:72,1,1,0
BRDA:77,2,0,0
BRDA:77,2,1,0
BRDA:110,3,0,0
BRDA:110,3,1,0
BRDA:123,4,0,0
BRDA:123,4,1,0
BRDA:126,5,0,0
BRDA:126,5,1,0
BRDA:127,6,0,0
BRDA:127,6,1,0
BRDA:128,7,0,0
BRDA:128,7,1,0
BRDA:135,8,0,0
BRDA:135,8,1,0
BRDA:137,9,0,0
BRDA:137,9,1,0
BRDA:153,10,0,0
BRDA:153,10,1,0
BRDA:153,11,0,0
BRDA:153,11,1,0
BRDA:154,12,0,0
BRDA:154,12,1,0
BRDA:154,13,0,0
BRDA:154,13,1,0
BRDA:155,14,0,0
BRDA:155,14,1,0
BRDA:155,15,0,0
BRDA:155,15,1,0
BRDA:156,16,0,0
BRDA:156,16,1,0
BRDA:156,17,0,0
BRDA:156,17,1,0
BRDA:157,18,0,0
BRDA:157,18,1,0
BRDA:157,19,0,0
BRDA:157,19,1,0
BRDA:158,20,0,0
BRDA:158,20,1,0
BRDA:158,21,0,0
BRDA:158,21,1,0
BRDA:181,22,0,0
BRDA:181,22,1,0
BRDA:202,23,0,0
BRDA:202,23,1,0
BRDA:202,24,0,0
BRDA:202,24,1,0
BRDA:230,25,0,0
BRDA:230,25,1,0
BRDA:230,26,0,0
BRDA:230,26,1,0
BRDA:241,27,0,0
BRDA:241,27,1,0
BRDA:245,28,0,0
BRDA:245,28,1,0
BRF:58
BRH:0
end_of_record
